2021-06-14 16:55:19,787 [Worker-3: Loading available Gradle versions] INFO  o.e.b.c.i.u.g.PublishedGradleVersions - Gradle version information cache is up-to-date. Trying to read.
2021-06-14 16:58:06,716 [Worker-14: Creating project "01-com.jdbc.connection"] INFO  o.e.m.c.i.l.LifecycleMappingFactory - Using org.eclipse.m2e.jdt.JarLifecycleMapping lifecycle mapping for MavenProject: jdbc:01-com.jdbc.connection:0.0.1-SNAPSHOT @ C:\Users\user\eclipse-workspace\01-com.jdbc.connection\pom.xml.
2021-06-14 16:58:07,292 [Worker-14: Creating project "01-com.jdbc.connection"] INFO  o.e.m.c.i.e.AbstractTransferListenerAdapter - Downloading https://repo.maven.apache.org/maven2/org/apache/maven/plugins/maven-surefire-plugin/2.12.4/maven-surefire-plugin-2.12.4.pom
2021-06-14 16:58:07,458 [Worker-14: Creating project "01-com.jdbc.connection"] INFO  o.e.m.c.i.e.AbstractTransferListenerAdapter - Downloaded https://repo.maven.apache.org/maven2/org/apache/maven/plugins/maven-surefire-plugin/2.12.4/maven-surefire-plugin-2.12.4.pom
2021-06-14 16:58:07,525 [Worker-14: Creating project "01-com.jdbc.connection"] INFO  o.e.m.c.i.e.AbstractTransferListenerAdapter - Downloading https://repo.maven.apache.org/maven2/org/apache/maven/surefire/surefire/2.12.4/surefire-2.12.4.pom
2021-06-14 16:58:07,612 [Worker-14: Creating project "01-com.jdbc.connection"] INFO  o.e.m.c.i.e.AbstractTransferListenerAdapter - Downloaded https://repo.maven.apache.org/maven2/org/apache/maven/surefire/surefire/2.12.4/surefire-2.12.4.pom
2021-06-14 16:58:07,680 [Worker-14: Creating project "01-com.jdbc.connection"] INFO  o.e.m.c.i.e.AbstractTransferListenerAdapter - Downloading https://repo.maven.apache.org/maven2/org/apache/maven/plugins/maven-jar-plugin/2.4/maven-jar-plugin-2.4.pom
2021-06-14 16:58:07,753 [Worker-14: Creating project "01-com.jdbc.connection"] INFO  o.e.m.c.i.e.AbstractTransferListenerAdapter - Downloaded https://repo.maven.apache.org/maven2/org/apache/maven/plugins/maven-jar-plugin/2.4/maven-jar-plugin-2.4.pom
2021-06-14 16:58:07,818 [Worker-14: Creating project "01-com.jdbc.connection"] INFO  o.e.m.c.i.e.AbstractTransferListenerAdapter - Downloading https://repo.maven.apache.org/maven2/org/apache/maven/plugins/maven-plugins/22/maven-plugins-22.pom
2021-06-14 16:58:07,898 [Worker-14: Creating project "01-com.jdbc.connection"] INFO  o.e.m.c.i.e.AbstractTransferListenerAdapter - Downloaded https://repo.maven.apache.org/maven2/org/apache/maven/plugins/maven-plugins/22/maven-plugins-22.pom
2021-06-14 16:58:08,013 [Worker-14: Creating project "01-com.jdbc.connection"] INFO  o.e.m.c.i.e.AbstractTransferListenerAdapter - Downloading https://repo.maven.apache.org/maven2/org/apache/maven/maven-archiver/2.5/maven-archiver-2.5.pom
2021-06-14 16:58:08,086 [Worker-14: Creating project "01-com.jdbc.connection"] INFO  o.e.m.c.i.e.AbstractTransferListenerAdapter - Downloaded https://repo.maven.apache.org/maven2/org/apache/maven/maven-archiver/2.5/maven-archiver-2.5.pom
2021-06-14 16:58:08,175 [Worker-14: Creating project "01-com.jdbc.connection"] INFO  o.e.m.c.i.e.AbstractTransferListenerAdapter - Downloading https://repo.maven.apache.org/maven2/org/codehaus/plexus/plexus-archiver/2.1/plexus-archiver-2.1.pom
2021-06-14 16:58:08,246 [Worker-14: Creating project "01-com.jdbc.connection"] INFO  o.e.m.c.i.e.AbstractTransferListenerAdapter - Downloaded https://repo.maven.apache.org/maven2/org/codehaus/plexus/plexus-archiver/2.1/plexus-archiver-2.1.pom
2021-06-14 16:58:08,314 [Worker-14: Creating project "01-com.jdbc.connection"] INFO  o.e.m.c.i.e.AbstractTransferListenerAdapter - Downloading https://repo.maven.apache.org/maven2/org/codehaus/plexus/plexus-utils/3.0/plexus-utils-3.0.pom
2021-06-14 16:58:08,387 [Worker-14: Creating project "01-com.jdbc.connection"] INFO  o.e.m.c.i.e.AbstractTransferListenerAdapter - Downloaded https://repo.maven.apache.org/maven2/org/codehaus/plexus/plexus-utils/3.0/plexus-utils-3.0.pom
2021-06-14 16:58:08,451 [Worker-14: Creating project "01-com.jdbc.connection"] INFO  o.e.m.c.i.e.AbstractTransferListenerAdapter - Downloading https://repo.maven.apache.org/maven2/org/sonatype/spice/spice-parent/16/spice-parent-16.pom
2021-06-14 16:58:08,525 [Worker-14: Creating project "01-com.jdbc.connection"] INFO  o.e.m.c.i.e.AbstractTransferListenerAdapter - Downloaded https://repo.maven.apache.org/maven2/org/sonatype/spice/spice-parent/16/spice-parent-16.pom
2021-06-14 16:58:08,589 [Worker-14: Creating project "01-com.jdbc.connection"] INFO  o.e.m.c.i.e.AbstractTransferListenerAdapter - Downloading https://repo.maven.apache.org/maven2/org/sonatype/forge/forge-parent/5/forge-parent-5.pom
2021-06-14 16:58:08,663 [Worker-14: Creating project "01-com.jdbc.connection"] INFO  o.e.m.c.i.e.AbstractTransferListenerAdapter - Downloaded https://repo.maven.apache.org/maven2/org/sonatype/forge/forge-parent/5/forge-parent-5.pom
2021-06-14 16:58:08,729 [Worker-14: Creating project "01-com.jdbc.connection"] INFO  o.e.m.c.i.e.AbstractTransferListenerAdapter - Downloading https://repo.maven.apache.org/maven2/org/codehaus/plexus/plexus-io/2.0.2/plexus-io-2.0.2.pom
2021-06-14 16:58:08,801 [Worker-14: Creating project "01-com.jdbc.connection"] INFO  o.e.m.c.i.e.AbstractTransferListenerAdapter - Downloaded https://repo.maven.apache.org/maven2/org/codehaus/plexus/plexus-io/2.0.2/plexus-io-2.0.2.pom
2021-06-14 16:58:08,865 [Worker-14: Creating project "01-com.jdbc.connection"] INFO  o.e.m.c.i.e.AbstractTransferListenerAdapter - Downloading https://repo.maven.apache.org/maven2/org/codehaus/plexus/plexus-components/1.1.19/plexus-components-1.1.19.pom
2021-06-14 16:58:08,937 [Worker-14: Creating project "01-com.jdbc.connection"] INFO  o.e.m.c.i.e.AbstractTransferListenerAdapter - Downloaded https://repo.maven.apache.org/maven2/org/codehaus/plexus/plexus-components/1.1.19/plexus-components-1.1.19.pom
2021-06-14 16:58:09,002 [Worker-14: Creating project "01-com.jdbc.connection"] INFO  o.e.m.c.i.e.AbstractTransferListenerAdapter - Downloading https://repo.maven.apache.org/maven2/org/codehaus/plexus/plexus/3.0.1/plexus-3.0.1.pom
2021-06-14 16:58:09,084 [Worker-14: Creating project "01-com.jdbc.connection"] INFO  o.e.m.c.i.e.AbstractTransferListenerAdapter - Downloaded https://repo.maven.apache.org/maven2/org/codehaus/plexus/plexus/3.0.1/plexus-3.0.1.pom
2021-06-14 16:58:09,151 [Worker-14: Creating project "01-com.jdbc.connection"] INFO  o.e.m.c.i.e.AbstractTransferListenerAdapter - Downloading https://repo.maven.apache.org/maven2/org/codehaus/plexus/plexus-interpolation/1.15/plexus-interpolation-1.15.pom
2021-06-14 16:58:09,223 [Worker-14: Creating project "01-com.jdbc.connection"] INFO  o.e.m.c.i.e.AbstractTransferListenerAdapter - Downloaded https://repo.maven.apache.org/maven2/org/codehaus/plexus/plexus-interpolation/1.15/plexus-interpolation-1.15.pom
2021-06-14 16:58:09,290 [Worker-14: Creating project "01-com.jdbc.connection"] INFO  o.e.m.c.i.e.AbstractTransferListenerAdapter - Downloading https://repo.maven.apache.org/maven2/commons-lang/commons-lang/2.1/commons-lang-2.1.pom
2021-06-14 16:58:09,371 [Worker-14: Creating project "01-com.jdbc.connection"] INFO  o.e.m.c.i.e.AbstractTransferListenerAdapter - Downloaded https://repo.maven.apache.org/maven2/commons-lang/commons-lang/2.1/commons-lang-2.1.pom
2021-06-14 16:58:09,459 [AetherRepositoryConnector-repo.maven.apache.org-0-1] INFO  o.e.m.c.i.e.AbstractTransferListenerAdapter - Downloading https://repo.maven.apache.org/maven2/org/apache/maven/maven-archiver/2.5/maven-archiver-2.5.jar
2021-06-14 16:58:09,526 [AetherRepositoryConnector-repo.maven.apache.org-0-0] INFO  o.e.m.c.i.e.AbstractTransferListenerAdapter - Downloading https://repo.maven.apache.org/maven2/classworlds/classworlds/1.1-alpha-2/classworlds-1.1-alpha-2.jar
2021-06-14 16:58:09,553 [AetherRepositoryConnector-repo.maven.apache.org-0-4] INFO  o.e.m.c.i.e.AbstractTransferListenerAdapter - Downloading https://repo.maven.apache.org/maven2/org/codehaus/plexus/plexus-io/2.0.2/plexus-io-2.0.2.jar
2021-06-14 16:58:09,553 [AetherRepositoryConnector-repo.maven.apache.org-0-2] INFO  o.e.m.c.i.e.AbstractTransferListenerAdapter - Downloading https://repo.maven.apache.org/maven2/org/codehaus/plexus/plexus-interpolation/1.15/plexus-interpolation-1.15.jar
2021-06-14 16:58:09,593 [AetherRepositoryConnector-repo.maven.apache.org-0-3] INFO  o.e.m.c.i.e.AbstractTransferListenerAdapter - Downloading https://repo.maven.apache.org/maven2/org/codehaus/plexus/plexus-archiver/2.1/plexus-archiver-2.1.jar
2021-06-14 16:58:09,614 [AetherRepositoryConnector-repo.maven.apache.org-0-1] INFO  o.e.m.c.i.e.AbstractTransferListenerAdapter - Downloaded https://repo.maven.apache.org/maven2/org/apache/maven/maven-archiver/2.5/maven-archiver-2.5.jar
2021-06-14 16:58:09,746 [AetherRepositoryConnector-repo.maven.apache.org-0-1] INFO  o.e.m.c.i.e.AbstractTransferListenerAdapter - Downloading https://repo.maven.apache.org/maven2/commons-lang/commons-lang/2.1/commons-lang-2.1.jar
2021-06-14 16:58:09,869 [AetherRepositoryConnector-repo.maven.apache.org-0-0] INFO  o.e.m.c.i.e.AbstractTransferListenerAdapter - Downloaded https://repo.maven.apache.org/maven2/classworlds/classworlds/1.1-alpha-2/classworlds-1.1-alpha-2.jar
2021-06-14 16:58:09,916 [AetherRepositoryConnector-repo.maven.apache.org-0-3] INFO  o.e.m.c.i.e.AbstractTransferListenerAdapter - Downloaded https://repo.maven.apache.org/maven2/org/codehaus/plexus/plexus-archiver/2.1/plexus-archiver-2.1.jar
2021-06-14 16:58:09,916 [AetherRepositoryConnector-repo.maven.apache.org-0-2] INFO  o.e.m.c.i.e.AbstractTransferListenerAdapter - Downloaded https://repo.maven.apache.org/maven2/org/codehaus/plexus/plexus-interpolation/1.15/plexus-interpolation-1.15.jar
2021-06-14 16:58:09,916 [AetherRepositoryConnector-repo.maven.apache.org-0-4] INFO  o.e.m.c.i.e.AbstractTransferListenerAdapter - Downloaded https://repo.maven.apache.org/maven2/org/codehaus/plexus/plexus-io/2.0.2/plexus-io-2.0.2.jar
2021-06-14 16:58:09,930 [AetherRepositoryConnector-repo.maven.apache.org-0-0] INFO  o.e.m.c.i.e.AbstractTransferListenerAdapter - Downloading https://repo.maven.apache.org/maven2/org/codehaus/plexus/plexus-utils/3.0/plexus-utils-3.0.jar
2021-06-14 16:58:10,113 [AetherRepositoryConnector-repo.maven.apache.org-0-1] INFO  o.e.m.c.i.e.AbstractTransferListenerAdapter - Downloaded https://repo.maven.apache.org/maven2/commons-lang/commons-lang/2.1/commons-lang-2.1.jar
2021-06-14 16:58:10,182 [AetherRepositoryConnector-repo.maven.apache.org-0-0] INFO  o.e.m.c.i.e.AbstractTransferListenerAdapter - Downloaded https://repo.maven.apache.org/maven2/org/codehaus/plexus/plexus-utils/3.0/plexus-utils-3.0.jar
2021-06-14 16:58:11,902 [Worker-14: Creating project "01-com.jdbc.connection"] INFO  o.e.m.j.i.AbstractJavaProjectConfigurator - Adding source folder /01-com.jdbc.connection/src/main/java
2021-06-14 16:58:11,903 [Worker-14: Creating project "01-com.jdbc.connection"] INFO  o.e.m.j.i.AbstractJavaProjectConfigurator - Adding resource folder /01-com.jdbc.connection/src/main/resources
2021-06-14 16:58:11,903 [Worker-14: Creating project "01-com.jdbc.connection"] INFO  o.e.m.j.i.AbstractJavaProjectConfigurator - Adding source folder /01-com.jdbc.connection/src/test/java
2021-06-14 16:58:11,903 [Worker-14: Creating project "01-com.jdbc.connection"] INFO  o.e.m.j.i.AbstractJavaProjectConfigurator - Adding resource folder /01-com.jdbc.connection/src/test/resources
2021-06-14 16:58:12,166 [Worker-15: Building] WARN  o.e.m.c.i.embedder.EclipseLogger - Using platform encoding (Cp1254 actually) to copy filtered resources, i.e. build is platform dependent!
2021-06-14 16:58:12,169 [Worker-15: Building] INFO  o.e.m.c.i.embedder.EclipseLogger - Copying 0 resource
2021-06-14 16:58:12,171 [Worker-15: Building] WARN  o.e.m.c.i.embedder.EclipseLogger - Using platform encoding (Cp1254 actually) to copy filtered resources, i.e. build is platform dependent!
2021-06-14 16:58:12,171 [Worker-15: Building] INFO  o.e.m.c.i.embedder.EclipseLogger - Copying 0 resource
2021-06-14 17:01:26,929 [ModalContext] INFO  o.e.m.c.i.e.AbstractTransferListenerAdapter - Downloaded https://repo.maven.apache.org/maven2/org/apache/maven/plugins/mave-compiler-plugin/3.1/mave-compiler-plugin-3.1.pom
2021-06-14 17:01:26,930 [ModalContext] WARN  o.e.m.c.i.embedder.EclipseLogger - The POM for org.apache.maven.plugins:mave-compiler-plugin:jar:3.1 is missing, no dependency information available
2021-06-14 17:01:27,093 [ModalContext] INFO  o.e.m.c.i.e.AbstractTransferListenerAdapter - Downloaded https://repo.maven.apache.org/maven2/org/apache/maven/plugins/mave-compiler-plugin/3.1/mave-compiler-plugin-3.1.jar
2021-06-14 17:01:27,095 [ModalContext] WARN  o.e.m.e.m.MojoParameterMetadataProvider - Plugin org.apache.maven.plugins:mave-compiler-plugin:3.1 or one of its dependencies could not be resolved: Could not find artifact org.apache.maven.plugins:mave-compiler-plugin:jar:3.1 in central (https://repo.maven.apache.org/maven2)
2021-06-14 17:04:21,299 [Worker-8: Updating Maven Project] INFO  o.e.m.c.i.p.ProjectConfigurationManager - Update started
2021-06-14 17:04:21,485 [Worker-8: Updating Maven Project] INFO  o.e.m.c.i.l.LifecycleMappingFactory - Using org.eclipse.m2e.jdt.JarLifecycleMapping lifecycle mapping for MavenProject: jdbc:01-com.jdbc.connection:0.0.1-SNAPSHOT @ C:\Users\user\eclipse-workspace\01-com.jdbc.connection\pom.xml.
2021-06-14 17:04:21,672 [Worker-8: Updating Maven Project] INFO  o.e.m.j.i.AbstractJavaProjectConfigurator - Adding source folder /01-com.jdbc.connection/src/main/java
2021-06-14 17:04:21,673 [Worker-8: Updating Maven Project] INFO  o.e.m.j.i.AbstractJavaProjectConfigurator - Adding resource folder /01-com.jdbc.connection/src/main/resources
2021-06-14 17:04:21,673 [Worker-8: Updating Maven Project] INFO  o.e.m.j.i.AbstractJavaProjectConfigurator - Adding source folder /01-com.jdbc.connection/src/test/java
2021-06-14 17:04:21,673 [Worker-8: Updating Maven Project] INFO  o.e.m.j.i.AbstractJavaProjectConfigurator - Adding resource folder /01-com.jdbc.connection/src/test/resources
2021-06-14 17:04:21,703 [Worker-8: Updating Maven Project] INFO  o.e.m.c.i.p.ProjectConfigurationManager - Update completed: 0 sec
2021-06-14 17:04:21,846 [Worker-15: Building] WARN  o.e.m.c.i.embedder.EclipseLogger - Using platform encoding (Cp1254 actually) to copy filtered resources, i.e. build is platform dependent!
2021-06-14 17:04:21,847 [Worker-15: Building] INFO  o.e.m.c.i.embedder.EclipseLogger - Copying 0 resource
2021-06-14 17:04:21,848 [Worker-15: Building] WARN  o.e.m.c.i.embedder.EclipseLogger - Using platform encoding (Cp1254 actually) to copy filtered resources, i.e. build is platform dependent!
2021-06-14 17:04:21,849 [Worker-15: Building] INFO  o.e.m.c.i.embedder.EclipseLogger - Copying 0 resource
2021-06-14 17:12:23,832 [main] INFO  o.e.m2e.actions.ExecutePomAction - Creating new launch configuration
2021-06-14 17:13:57,698 [main] INFO  o.e.m2e.actions.ExecutePomAction - Using existing launch configuration
2021-06-14 17:14:00,066 [Worker-5: Launching 01-com.jdbc.connection] INFO  o.e.m.i.launch.MavenLaunchDelegate - C:\Users\user\eclipse-workspace\01-com.jdbc.connection
2021-06-14 17:14:00,066 [Worker-5: Launching 01-com.jdbc.connection] INFO  o.e.m.i.launch.MavenLaunchDelegate -  mvn -B 
2021-06-14 17:14:00,394 [Worker-19: Building] INFO  o.e.m.c.i.l.LifecycleMappingFactory - Using org.eclipse.m2e.jdt.JarLifecycleMapping lifecycle mapping for MavenProject: jdbc:01-com.jdbc.connection:0.0.1-SNAPSHOT @ C:\Users\user\eclipse-workspace\01-com.jdbc.connection\pom.xml.
2021-06-14 17:14:00,962 [Worker-19: Building] INFO  o.e.m.c.i.e.AbstractTransferListenerAdapter - Downloading https://repo.maven.apache.org/maven2/mysql/mysql-connector-java/5.1.36/mysql-connector-java-5.1.36.pom
2021-06-14 17:14:01,144 [Worker-19: Building] INFO  o.e.m.c.i.e.AbstractTransferListenerAdapter - Downloaded https://repo.maven.apache.org/maven2/mysql/mysql-connector-java/5.1.36/mysql-connector-java-5.1.36.pom
2021-06-14 17:14:01,223 [Worker-19: Building] INFO  o.e.m.c.i.e.AbstractTransferListenerAdapter - Downloading https://repo.maven.apache.org/maven2/mysql/mysql-connector-java/5.1.36/mysql-connector-java-5.1.36.jar
2021-06-14 17:14:01,796 [Worker-19: Building] INFO  o.e.m.c.i.e.AbstractTransferListenerAdapter - Downloaded https://repo.maven.apache.org/maven2/mysql/mysql-connector-java/5.1.36/mysql-connector-java-5.1.36.jar
2021-06-14 17:14:02,024 [Worker-19: Building] WARN  o.e.m.c.i.embedder.EclipseLogger - Using platform encoding (Cp1254 actually) to copy filtered resources, i.e. build is platform dependent!
2021-06-14 17:14:02,026 [Worker-19: Building] INFO  o.e.m.c.i.embedder.EclipseLogger - Copying 0 resource
2021-06-14 17:14:02,027 [Worker-19: Building] WARN  o.e.m.c.i.embedder.EclipseLogger - Using platform encoding (Cp1254 actually) to copy filtered resources, i.e. build is platform dependent!
2021-06-14 17:14:02,027 [Worker-19: Building] INFO  o.e.m.c.i.embedder.EclipseLogger - Copying 0 resource
2021-06-14 17:14:03,200 [Worker-15: Building] WARN  o.e.m.c.i.embedder.EclipseLogger - Using platform encoding (Cp1254 actually) to copy filtered resources, i.e. build is platform dependent!
2021-06-14 17:14:03,202 [Worker-15: Building] INFO  o.e.m.c.i.embedder.EclipseLogger - Copying 0 resource
2021-06-14 17:14:03,203 [Worker-15: Building] WARN  o.e.m.c.i.embedder.EclipseLogger - Using platform encoding (Cp1254 actually) to copy filtered resources, i.e. build is platform dependent!
2021-06-14 17:14:03,203 [Worker-15: Building] INFO  o.e.m.c.i.embedder.EclipseLogger - Copying 0 resource
2021-06-14 17:14:03,251 [Worker-18: Download sources and javadoc] INFO  o.e.m.c.i.e.AbstractTransferListenerAdapter - Downloading https://repo.maven.apache.org/maven2/mysql/mysql-connector-java/5.1.36/mysql-connector-java-5.1.36-sources.jar
2021-06-14 17:14:03,796 [Worker-18: Download sources and javadoc] INFO  o.e.m.c.i.e.AbstractTransferListenerAdapter - Downloaded https://repo.maven.apache.org/maven2/mysql/mysql-connector-java/5.1.36/mysql-connector-java-5.1.36-sources.jar
2021-06-14 17:14:03,875 [Worker-18: Download sources and javadoc] INFO  o.e.m.j.internal.DownloadSourcesJob - Downloaded sources for mysql:mysql-connector-java:5.1.36
2021-06-14 17:14:04,215 [Worker-18: Building] WARN  o.e.m.c.i.embedder.EclipseLogger - Using platform encoding (Cp1254 actually) to copy filtered resources, i.e. build is platform dependent!
2021-06-14 17:14:04,215 [Worker-18: Building] INFO  o.e.m.c.i.embedder.EclipseLogger - Copying 0 resource
2021-06-14 17:14:04,216 [Worker-18: Building] WARN  o.e.m.c.i.embedder.EclipseLogger - Using platform encoding (Cp1254 actually) to copy filtered resources, i.e. build is platform dependent!
2021-06-14 17:14:04,216 [Worker-18: Building] INFO  o.e.m.c.i.embedder.EclipseLogger - Copying 0 resource
2021-06-14 17:17:48,608 [main] INFO  o.e.m2e.actions.ExecutePomAction - Using existing launch configuration
2021-06-14 17:17:51,299 [Worker-15: Launching 01-com.jdbc.connection] INFO  o.e.m.i.launch.MavenLaunchDelegate - C:\Users\user\eclipse-workspace\01-com.jdbc.connection
2021-06-14 17:17:51,300 [Worker-15: Launching 01-com.jdbc.connection] INFO  o.e.m.i.launch.MavenLaunchDelegate -  mvn -B 
2021-06-14 17:17:51,585 [Worker-5: Building] INFO  o.e.m.c.i.l.LifecycleMappingFactory - Using org.eclipse.m2e.jdt.JarLifecycleMapping lifecycle mapping for MavenProject: jdbc:01-com.jdbc.connection:0.0.1-SNAPSHOT @ C:\Users\user\eclipse-workspace\01-com.jdbc.connection\pom.xml.
2021-06-14 17:17:52,041 [Worker-5: Building] INFO  o.e.m.c.i.e.AbstractTransferListenerAdapter - Downloaded https://repo.maven.apache.org/maven2/org/apache/logging/log4j/log4j-core/${log4j.version/log4j-core-${log4j.version.pom
2021-06-14 17:17:52,042 [Worker-5: Building] WARN  o.e.m.c.i.embedder.EclipseLogger - The POM for org.apache.logging.log4j:log4j-core:jar:${log4j.version is missing, no dependency information available
2021-06-14 17:17:52,248 [Worker-5: Building] INFO  o.e.m.c.i.e.AbstractTransferListenerAdapter - Downloaded https://repo.maven.apache.org/maven2/org/apache/logging/log4j/log4j-core/${log4j.version/log4j-core-${log4j.version.jar
2021-06-14 17:17:52,364 [Worker-5: Building] WARN  o.e.m.c.i.embedder.EclipseLogger - Using platform encoding (Cp1254 actually) to copy filtered resources, i.e. build is platform dependent!
2021-06-14 17:17:52,365 [Worker-5: Building] INFO  o.e.m.c.i.embedder.EclipseLogger - Copying 0 resource
2021-06-14 17:17:52,366 [Worker-5: Building] WARN  o.e.m.c.i.embedder.EclipseLogger - Using platform encoding (Cp1254 actually) to copy filtered resources, i.e. build is platform dependent!
2021-06-14 17:17:52,366 [Worker-5: Building] INFO  o.e.m.c.i.embedder.EclipseLogger - Copying 0 resource
2021-06-14 17:17:53,349 [Worker-21: Download sources and javadoc] WARN  o.e.m.c.i.embedder.EclipseLogger - The POM for org.apache.logging.log4j:log4j-core:jar:${log4j.version is missing, no dependency information available
2021-06-14 17:17:53,728 [Worker-21: Download sources and javadoc] INFO  o.e.m.c.i.e.AbstractTransferListenerAdapter - Downloaded https://repo.maven.apache.org/maven2/org/apache/logging/log4j/log4j-core/${log4j.version/log4j-core-${log4j.version-sources.jar
2021-06-14 17:17:53,731 [Worker-21: Download sources and javadoc] ERROR o.e.m.j.internal.DownloadSourcesJob - Could not download sources for org.apache.logging.log4j:log4j-core:${log4j.version
org.eclipse.core.runtime.CoreException: Could not resolve artifact org.apache.logging.log4j:log4j-core:jar:sources:${log4j.version
	at org.eclipse.m2e.core.internal.embedder.MavenImpl.lambda$4(MavenImpl.java:804)
	at org.eclipse.m2e.core.internal.embedder.MavenExecutionContext.executeBare(MavenExecutionContext.java:179)
	at org.eclipse.m2e.core.internal.embedder.MavenExecutionContext.execute(MavenExecutionContext.java:114)
	at org.eclipse.m2e.core.internal.embedder.MavenExecutionContext.execute(MavenExecutionContext.java:101)
	at org.eclipse.m2e.core.internal.embedder.MavenImpl.resolve(MavenImpl.java:772)
	at org.eclipse.m2e.core.internal.embedder.MavenImpl.resolve(MavenImpl.java:749)
	at org.eclipse.m2e.jdt.internal.DownloadSourcesJob.download(DownloadSourcesJob.java:330)
	at org.eclipse.m2e.jdt.internal.DownloadSourcesJob.downloadAttachments(DownloadSourcesJob.java:304)
	at org.eclipse.m2e.jdt.internal.DownloadSourcesJob.downloadMaven(DownloadSourcesJob.java:269)
	at org.eclipse.m2e.jdt.internal.DownloadSourcesJob.downloadFilesAndPopulateToUpdate(DownloadSourcesJob.java:233)
	at org.eclipse.m2e.jdt.internal.DownloadSourcesJob.lambda$0(DownloadSourcesJob.java:161)
	at org.eclipse.m2e.core.internal.embedder.MavenExecutionContext.executeBare(MavenExecutionContext.java:179)
	at org.eclipse.m2e.core.internal.embedder.MavenExecutionContext.execute(MavenExecutionContext.java:153)
	at org.eclipse.m2e.core.internal.embedder.MavenExecutionContext.execute(MavenExecutionContext.java:101)
	at org.eclipse.m2e.core.internal.embedder.MavenImpl.execute(MavenImpl.java:1374)
	at org.eclipse.m2e.jdt.internal.DownloadSourcesJob.run(DownloadSourcesJob.java:161)
	at org.eclipse.core.internal.jobs.Worker.run(Worker.java:63)
2021-06-14 17:20:41,634 [main] INFO  o.e.m2e.actions.ExecutePomAction - Using existing launch configuration
2021-06-14 17:20:44,267 [Worker-24: Launching 01-com.jdbc.connection] INFO  o.e.m.i.launch.MavenLaunchDelegate - C:\Users\user\eclipse-workspace\01-com.jdbc.connection
2021-06-14 17:20:44,267 [Worker-24: Launching 01-com.jdbc.connection] INFO  o.e.m.i.launch.MavenLaunchDelegate -  mvn -B 
2021-06-14 17:20:44,580 [Worker-22: Building] INFO  o.e.m.c.i.l.LifecycleMappingFactory - Using org.eclipse.m2e.jdt.JarLifecycleMapping lifecycle mapping for MavenProject: jdbc:01-com.jdbc.connection:0.0.1-SNAPSHOT @ C:\Users\user\eclipse-workspace\01-com.jdbc.connection\pom.xml.
2021-06-14 17:20:45,115 [Worker-22: Building] INFO  o.e.m.c.i.e.AbstractTransferListenerAdapter - Downloading https://repo.maven.apache.org/maven2/org/apache/logging/log4j/log4j-core/2.3/log4j-core-2.3.pom
2021-06-14 17:20:45,290 [Worker-22: Building] INFO  o.e.m.c.i.e.AbstractTransferListenerAdapter - Downloaded https://repo.maven.apache.org/maven2/org/apache/logging/log4j/log4j-core/2.3/log4j-core-2.3.pom
2021-06-14 17:20:45,380 [Worker-22: Building] INFO  o.e.m.c.i.e.AbstractTransferListenerAdapter - Downloading https://repo.maven.apache.org/maven2/org/apache/logging/log4j/log4j/2.3/log4j-2.3.pom
2021-06-14 17:20:45,551 [Worker-22: Building] INFO  o.e.m.c.i.e.AbstractTransferListenerAdapter - Downloaded https://repo.maven.apache.org/maven2/org/apache/logging/log4j/log4j/2.3/log4j-2.3.pom
2021-06-14 17:20:45,637 [Worker-22: Building] INFO  o.e.m.c.i.e.AbstractTransferListenerAdapter - Downloading https://repo.maven.apache.org/maven2/org/apache/apache/9/apache-9.pom
2021-06-14 17:20:45,732 [Worker-22: Building] INFO  o.e.m.c.i.e.AbstractTransferListenerAdapter - Downloaded https://repo.maven.apache.org/maven2/org/apache/apache/9/apache-9.pom
2021-06-14 17:20:45,814 [Worker-22: Building] INFO  o.e.m.c.i.e.AbstractTransferListenerAdapter - Downloading https://repo.maven.apache.org/maven2/org/apache/logging/log4j/log4j-api/2.3/log4j-api-2.3.pom
2021-06-14 17:20:45,908 [Worker-22: Building] INFO  o.e.m.c.i.e.AbstractTransferListenerAdapter - Downloaded https://repo.maven.apache.org/maven2/org/apache/logging/log4j/log4j-api/2.3/log4j-api-2.3.pom
2021-06-14 17:20:45,999 [AetherRepositoryConnector-repo.maven.apache.org-1-0] INFO  o.e.m.c.i.e.AbstractTransferListenerAdapter - Downloading https://repo.maven.apache.org/maven2/org/apache/logging/log4j/log4j-core/2.3/log4j-core-2.3.jar
2021-06-14 17:20:46,101 [AetherRepositoryConnector-repo.maven.apache.org-1-1] INFO  o.e.m.c.i.e.AbstractTransferListenerAdapter - Downloading https://repo.maven.apache.org/maven2/org/apache/logging/log4j/log4j-api/2.3/log4j-api-2.3.jar
2021-06-14 17:20:46,438 [AetherRepositoryConnector-repo.maven.apache.org-1-1] INFO  o.e.m.c.i.e.AbstractTransferListenerAdapter - Downloaded https://repo.maven.apache.org/maven2/org/apache/logging/log4j/log4j-api/2.3/log4j-api-2.3.jar
2021-06-14 17:20:46,565 [AetherRepositoryConnector-repo.maven.apache.org-1-0] INFO  o.e.m.c.i.e.AbstractTransferListenerAdapter - Downloaded https://repo.maven.apache.org/maven2/org/apache/logging/log4j/log4j-core/2.3/log4j-core-2.3.jar
2021-06-14 17:20:46,805 [Worker-22: Building] WARN  o.e.m.c.i.embedder.EclipseLogger - Using platform encoding (Cp1254 actually) to copy filtered resources, i.e. build is platform dependent!
2021-06-14 17:20:46,806 [Worker-22: Building] INFO  o.e.m.c.i.embedder.EclipseLogger - Copying 0 resource
2021-06-14 17:20:46,807 [Worker-22: Building] WARN  o.e.m.c.i.embedder.EclipseLogger - Using platform encoding (Cp1254 actually) to copy filtered resources, i.e. build is platform dependent!
2021-06-14 17:20:46,808 [Worker-22: Building] INFO  o.e.m.c.i.embedder.EclipseLogger - Copying 0 resource
2021-06-14 17:20:47,082 [Worker-25: Building] WARN  o.e.m.c.i.embedder.EclipseLogger - Using platform encoding (Cp1254 actually) to copy filtered resources, i.e. build is platform dependent!
2021-06-14 17:20:47,083 [Worker-25: Building] INFO  o.e.m.c.i.embedder.EclipseLogger - Copying 0 resource
2021-06-14 17:20:47,084 [Worker-25: Building] WARN  o.e.m.c.i.embedder.EclipseLogger - Using platform encoding (Cp1254 actually) to copy filtered resources, i.e. build is platform dependent!
2021-06-14 17:20:47,084 [Worker-25: Building] INFO  o.e.m.c.i.embedder.EclipseLogger - Copying 0 resource
2021-06-14 17:20:48,099 [Worker-23: Download sources and javadoc] INFO  o.e.m.c.i.e.AbstractTransferListenerAdapter - Downloading https://repo.maven.apache.org/maven2/org/apache/logging/log4j/log4j-core/2.3/log4j-core-2.3-sources.jar
2021-06-14 17:20:48,583 [Worker-23: Download sources and javadoc] INFO  o.e.m.c.i.e.AbstractTransferListenerAdapter - Downloaded https://repo.maven.apache.org/maven2/org/apache/logging/log4j/log4j-core/2.3/log4j-core-2.3-sources.jar
2021-06-14 17:20:48,654 [Worker-23: Download sources and javadoc] INFO  o.e.m.j.internal.DownloadSourcesJob - Downloaded sources for org.apache.logging.log4j:log4j-core:2.3
2021-06-14 17:20:48,978 [Worker-23: Download sources and javadoc] INFO  o.e.m.c.i.e.AbstractTransferListenerAdapter - Downloading https://repo.maven.apache.org/maven2/org/apache/logging/log4j/log4j-api/2.3/log4j-api-2.3-sources.jar
2021-06-14 17:20:49,220 [Worker-23: Download sources and javadoc] INFO  o.e.m.c.i.e.AbstractTransferListenerAdapter - Downloaded https://repo.maven.apache.org/maven2/org/apache/logging/log4j/log4j-api/2.3/log4j-api-2.3-sources.jar
2021-06-14 17:20:49,287 [Worker-23: Download sources and javadoc] INFO  o.e.m.j.internal.DownloadSourcesJob - Downloaded sources for org.apache.logging.log4j:log4j-api:2.3
2021-06-14 17:20:49,479 [Worker-22: Building] WARN  o.e.m.c.i.embedder.EclipseLogger - Using platform encoding (Cp1254 actually) to copy filtered resources, i.e. build is platform dependent!
2021-06-14 17:20:49,479 [Worker-22: Building] INFO  o.e.m.c.i.embedder.EclipseLogger - Copying 0 resource
2021-06-14 17:20:49,480 [Worker-22: Building] WARN  o.e.m.c.i.embedder.EclipseLogger - Using platform encoding (Cp1254 actually) to copy filtered resources, i.e. build is platform dependent!
2021-06-14 17:20:49,480 [Worker-22: Building] INFO  o.e.m.c.i.embedder.EclipseLogger - Copying 0 resource
2021-06-14 17:22:59,160 [Worker-23: Building] WARN  o.e.m.c.i.embedder.EclipseLogger - Using platform encoding (Cp1254 actually) to copy filtered resources, i.e. build is platform dependent!
2021-06-14 17:22:59,160 [Worker-23: Building] INFO  o.e.m.c.i.embedder.EclipseLogger - Copying 0 resource
2021-06-14 17:22:59,161 [Worker-23: Building] WARN  o.e.m.c.i.embedder.EclipseLogger - Using platform encoding (Cp1254 actually) to copy filtered resources, i.e. build is platform dependent!
2021-06-14 17:22:59,161 [Worker-23: Building] INFO  o.e.m.c.i.embedder.EclipseLogger - Copying 0 resource
2021-06-14 17:23:26,609 [Worker-24: Building] WARN  o.e.m.c.i.embedder.EclipseLogger - Using platform encoding (Cp1254 actually) to copy filtered resources, i.e. build is platform dependent!
2021-06-14 17:23:26,611 [Worker-24: Building] INFO  o.e.m.c.i.embedder.EclipseLogger - Copying 0 resource
2021-06-14 17:23:26,611 [Worker-24: Building] WARN  o.e.m.c.i.embedder.EclipseLogger - Using platform encoding (Cp1254 actually) to copy filtered resources, i.e. build is platform dependent!
2021-06-14 17:23:26,612 [Worker-24: Building] INFO  o.e.m.c.i.embedder.EclipseLogger - Copying 0 resource
2021-06-14 17:23:27,650 [Worker-25: Building] WARN  o.e.m.c.i.embedder.EclipseLogger - Using platform encoding (Cp1254 actually) to copy filtered resources, i.e. build is platform dependent!
2021-06-14 17:23:27,650 [Worker-25: Building] INFO  o.e.m.c.i.embedder.EclipseLogger - Copying 0 resource
2021-06-14 17:23:27,651 [Worker-25: Building] WARN  o.e.m.c.i.embedder.EclipseLogger - Using platform encoding (Cp1254 actually) to copy filtered resources, i.e. build is platform dependent!
2021-06-14 17:23:27,651 [Worker-25: Building] INFO  o.e.m.c.i.embedder.EclipseLogger - Copying 0 resource
2021-06-14 17:27:19,723 [Worker-8: Building] WARN  o.e.m.c.i.embedder.EclipseLogger - Using platform encoding (Cp1254 actually) to copy filtered resources, i.e. build is platform dependent!
2021-06-14 17:27:19,724 [Worker-8: Building] INFO  o.e.m.c.i.embedder.EclipseLogger - Copying 0 resource
2021-06-14 17:27:19,724 [Worker-8: Building] WARN  o.e.m.c.i.embedder.EclipseLogger - Using platform encoding (Cp1254 actually) to copy filtered resources, i.e. build is platform dependent!
2021-06-14 17:27:19,725 [Worker-8: Building] INFO  o.e.m.c.i.embedder.EclipseLogger - Copying 0 resource
2021-06-14 17:30:56,908 [Worker-24: Launching uygulama1] WARN  o.e.m.c.i.embedder.EclipseLogger - Using platform encoding (Cp1254 actually) to copy filtered resources, i.e. build is platform dependent!
2021-06-14 17:30:56,909 [Worker-24: Launching uygulama1] INFO  o.e.m.c.i.embedder.EclipseLogger - Copying 0 resource
2021-06-14 17:30:56,910 [Worker-24: Launching uygulama1] WARN  o.e.m.c.i.embedder.EclipseLogger - Using platform encoding (Cp1254 actually) to copy filtered resources, i.e. build is platform dependent!
2021-06-14 17:30:56,911 [Worker-24: Launching uygulama1] INFO  o.e.m.c.i.embedder.EclipseLogger - Copying 0 resource
2021-06-14 17:49:50,485 [Worker-22: Launching uygulama1] WARN  o.e.m.c.i.embedder.EclipseLogger - Using platform encoding (Cp1254 actually) to copy filtered resources, i.e. build is platform dependent!
2021-06-14 17:49:50,486 [Worker-22: Launching uygulama1] INFO  o.e.m.c.i.embedder.EclipseLogger - Copying 0 resource
2021-06-14 17:49:50,486 [Worker-22: Launching uygulama1] WARN  o.e.m.c.i.embedder.EclipseLogger - Using platform encoding (Cp1254 actually) to copy filtered resources, i.e. build is platform dependent!
2021-06-14 17:49:50,487 [Worker-22: Launching uygulama1] INFO  o.e.m.c.i.embedder.EclipseLogger - Copying 0 resource
